c:\users\owenh\downloads\chess_engine\chess_engine\x64\debug\vc143.pdb
c:\users\owenh\downloads\chess_engine\chess_engine\x64\debug\vc143.idb
c:\users\owenh\downloads\chess_engine\chess_engine\x64\debug\main.obj
c:\users\owenh\downloads\chess_engine\chess_engine\x64\debug\input.obj
c:\users\owenh\downloads\chess_engine\chess_engine\x64\debug\board.obj
c:\users\owenh\downloads\chess_engine\chess_engine\x64\debug\moves_generation.obj
c:\users\owenh\downloads\chess_engine\chess_engine\x64\debug\moves_execution.obj
c:\users\owenh\downloads\chess_engine\chess_engine\x64\debug\moves_pawngenerator.obj
c:\users\owenh\onedrive\documents\chess_engine\chess_engine\x64\debug\vc143.pdb
c:\users\owenh\onedrive\documents\chess_engine\chess_engine\x64\debug\vc143.idb
c:\users\owenh\onedrive\documents\chess_engine\chess_engine\x64\debug\slider_generator.obj
c:\users\owenh\onedrive\documents\chess_engine\chess_engine\x64\debug\moves_core.obj
c:\users\owenh\onedrive\documents\chess_engine\chess_engine\x64\debug\knight_generator.obj
c:\users\owenh\onedrive\documents\chess_engine\chess_engine\x64\debug\king_generator.obj
c:\users\owenh\onedrive\documents\chess_engine\chess_engine\x64\debug\input.obj
c:\users\owenh\onedrive\documents\chess_engine\chess_engine\x64\debug\game_params.obj
c:\users\owenh\onedrive\documents\chess_engine\chess_engine\x64\debug\main.obj
c:\users\owenh\onedrive\documents\chess_engine\chess_engine\x64\debug\moves_execution.obj
c:\users\owenh\onedrive\documents\chess_engine\chess_engine\x64\debug\evaluate.obj
c:\users\owenh\downloads\chess_engine\x64\debug\chess_engine.exe
c:\users\owenh\downloads\chess_engine\x64\debug\chess_engine.pdb
c:\users\owenh\downloads\chess_engine\chess_engine\x64\debug\chess_engine.ilk
c:\users\owenh\onedrive\documents\chess_engine\chess_engine\x64\debug\board.obj
c:\users\owenh\onedrive\documents\chess_engine\chess_engine\x64\debug\core.obj
c:\users\owenh\onedrive\documents\chess_engine\chess_engine\x64\debug\moves.obj
c:\users\owenh\onedrive\documents\chess_engine\chess_engine\x64\debug\moves_generation.obj
c:\users\owenh\onedrive\documents\chess_engine\chess_engine\x64\debug\moves_pawngenerator.obj
c:\users\owenh\onedrive\documents\chess_engine\chess_engine\x64\debug\chess_engine.ilk
c:\users\owenh\onedrive\documents\chess_engine\x64\debug\chess_engine.pdb
c:\users\owenh\onedrive\documents\chess_engine\x64\debug\chess_engine.exe
c:\users\owenh\onedrive\documents\chess_engine\chess_engine\x64\debug\chess_engine.tlog\cl.command.1.tlog
c:\users\owenh\onedrive\documents\chess_engine\chess_engine\x64\debug\chess_engine.tlog\cl.items.tlog
c:\users\owenh\onedrive\documents\chess_engine\chess_engine\x64\debug\chess_engine.tlog\cl.read.1.tlog
c:\users\owenh\onedrive\documents\chess_engine\chess_engine\x64\debug\chess_engine.tlog\cl.write.1.tlog
c:\users\owenh\onedrive\documents\chess_engine\chess_engine\x64\debug\chess_engine.tlog\link.command.1.tlog
c:\users\owenh\onedrive\documents\chess_engine\chess_engine\x64\debug\chess_engine.tlog\link.read.1.tlog
c:\users\owenh\onedrive\documents\chess_engine\chess_engine\x64\debug\chess_engine.tlog\link.secondary.1.tlog
c:\users\owenh\onedrive\documents\chess_engine\chess_engine\x64\debug\chess_engine.tlog\link.write.1.tlog
